-------------------------------------------------------------------------------
Test set: TestSuite
-------------------------------------------------------------------------------
Tests run: 1, Failures: 1, Errors: 0, Skipped: 0, Time elapsed: 85.346 sec <<< FAILURE! - in TestSuite
a_test(hcm.tests.ManagePerformanceRolesTest)  Time elapsed: 58.755 sec  <<< FAILURE!
common.DuplicateNameEntryException: null
	at hcm.tests.ManagePerformanceRolesTest.managePerf(ManagePerformanceRolesTest.java:86)
	at hcm.tests.ManagePerformanceRolesTest.a_test(ManagePerformanceRolesTest.java:28)

