<?xml version="1.0" encoding="UTF-8"?>
<testsuite name="TestSuite" time="60.032" tests="2" errors="0" skipped="0" failures="2">
  <properties>
[...]
</properties>
  <testcase name="a_test" classname="hcm.tests.ManagePerformanceRolesTest" time="29.262">
    <failure message="Error communicating with the remote browser. It may have died.&#10;Build info: version: &apos;2.52.0&apos;, revision: &apos;4c2593c&apos;, time: &apos;2016-02-11 19:06:42&apos;&#10;System info: host: &apos;ETDB-510P680-D&apos;, ip: &apos;169.254.231.255&apos;, os.name: &apos;Windows 7&apos;, os.arch: &apos;amd64&apos;, os.version: &apos;6.1&apos;, java.version: &apos;1.7.0_79&apos;&#10;Driver info: driver.version: EventFiringWebDriver&#10;Session ID: cde904de-9b31-4420-84f8-2d776a95c306&#10;Capabilities [{platform=WINDOWS, acceptSslCerts=true, javascriptEnabled=true, cssSelectorsEnabled=true, databaseEnabled=true, browserName=firefox, handlesAlerts=true, nativeEvents=false, webStorageEnabled=true, rotatable=false, locationContextEnabled=true, applicationCacheEnabled=true, takesScreenshot=true, version=44.0.2}]&#10;Command duration or timeout: 1.47 seconds&#10;Build info: version: &apos;2.52.0&apos;, revision: &apos;4c2593cfc3689a7fcd7be52549167e5ccc93ad28&apos;, time: &apos;2016-02-11 11:22:43&apos;&#10;System info: host: &apos;ETDB-510P680-D&apos;, ip: &apos;169.254.231.255&apos;, os.name: &apos;Windows 7&apos;, os.arch: &apos;amd64&apos;, os.version: &apos;6.1&apos;, java.version: &apos;1.7.0_79&apos;&#10;*** Element info: {Using=link text, value=Setup and Maintenance}&#10;Session ID: 2bedf651-df0b-477d-af4f-067882c84137&#10;Driver info: org.openqa.selenium.remote.RemoteWebDriver&#10;Capabilities [{platform=WINDOWS, javascriptEnabled=true, acceptSslCerts=true, browserName=firefox, rotatable=false, locationContextEnabled=true, webdriver.remote.sessionid=2bedf651-df0b-477d-af4f-067882c84137, version=44.0.2, databaseEnabled=true, cssSelectorsEnabled=true, handlesAlerts=true, webStorageEnabled=true, nativeEvents=false, applicationCacheEnabled=true, takesScreenshot=true}]" type="org.openqa.selenium.WebDriverException">org.openqa.selenium.WebDriverException: Error communicating with the remote browser. It may have died.
Build info: version: '2.52.0', revision: '4c2593c', time: '2016-02-11 19:06:42'
System info: host: 'ETDB-510P680-D', ip: '169.254.231.255', os.name: 'Windows 7', os.arch: 'amd64', os.version: '6.1', java.version: '1.7.0_79'
Driver info: driver.version: EventFiringWebDriver
Session ID: cde904de-9b31-4420-84f8-2d776a95c306
Capabilities [{platform=WINDOWS, acceptSslCerts=true, javascriptEnabled=true, cssSelectorsEnabled=true, databaseEnabled=true, browserName=firefox, handlesAlerts=true, nativeEvents=false, webStorageEnabled=true, rotatable=false, locationContextEnabled=true, applicationCacheEnabled=true, takesScreenshot=true, version=44.0.2}]
Command duration or timeout: 1.47 seconds
Build info: version: '2.52.0', revision: '4c2593cfc3689a7fcd7be52549167e5ccc93ad28', time: '2016-02-11 11:22:43'
System info: host: 'ETDB-510P680-D', ip: '169.254.231.255', os.name: 'Windows 7', os.arch: 'amd64', os.version: '6.1', java.version: '1.7.0_79'
*** Element info: {Using=link text, value=Setup and Maintenance}
Session ID: 2bedf651-df0b-477d-af4f-067882c84137
Driver info: org.openqa.selenium.remote.RemoteWebDriver
Capabilities [{platform=WINDOWS, javascriptEnabled=true, acceptSslCerts=true, browserName=firefox, rotatable=false, locationContextEnabled=true, webdriver.remote.sessionid=2bedf651-df0b-477d-af4f-067882c84137, version=44.0.2, databaseEnabled=true, cssSelectorsEnabled=true, handlesAlerts=true, webStorageEnabled=true, nativeEvents=false, applicationCacheEnabled=true, takesScreenshot=true}]
	at sun.reflect.NativeConstructorAccessorImpl.newInstance0(Native Method)
	at sun.reflect.NativeConstructorAccessorImpl.newInstance(NativeConstructorAccessorImpl.java:57)
	at sun.reflect.DelegatingConstructorAccessorImpl.newInstance(DelegatingConstructorAccessorImpl.java:45)
	at java.lang.reflect.Constructor.newInstance(Constructor.java:526)
	at org.openqa.selenium.remote.ErrorHandler.createThrowable(ErrorHandler.java:206)
	at org.openqa.selenium.remote.ErrorHandler.throwIfResponseFailed(ErrorHandler.java:158)
	at org.openqa.selenium.remote.RemoteWebDriver.execute(RemoteWebDriver.java:678)
	at org.openqa.selenium.remote.RemoteWebDriver.findElement(RemoteWebDriver.java:363)
	at org.openqa.selenium.remote.RemoteWebDriver.findElementByLinkText(RemoteWebDriver.java:428)
	at org.openqa.selenium.By$ByLinkText.findElement(By.java:246)
	at org.openqa.selenium.remote.RemoteWebDriver.findElement(RemoteWebDriver.java:355)
	at org.openqa.selenium.support.ui.ExpectedConditions.findElement(ExpectedConditions.java:911)
	at org.openqa.selenium.support.ui.ExpectedConditions.access$000(ExpectedConditions.java:41)
	at org.openqa.selenium.support.ui.ExpectedConditions$6.apply(ExpectedConditions.java:181)
	at org.openqa.selenium.support.ui.ExpectedConditions$6.apply(ExpectedConditions.java:178)
	at org.openqa.selenium.support.ui.FluentWait.until(FluentWait.java:238)
	at common.BaseTest.clickNavigationLink(BaseTest.java:3471)
	at hcm.tests.ManagePerformanceRolesTest.managePerf(ManagePerformanceRolesTest.java:58)
	at hcm.tests.ManagePerformanceRolesTest.a_test(ManagePerformanceRolesTest.java:27)
Caused by: org.openqa.selenium.remote.UnreachableBrowserException: Error communicating with the remote browser. It may have died.
Build info: version: '2.52.0', revision: '4c2593c', time: '2016-02-11 19:06:42'
System info: host: 'ETDB-510P680-D', ip: '169.254.231.255', os.name: 'Windows 7', os.arch: 'amd64', os.version: '6.1', java.version: '1.7.0_79'
Driver info: driver.version: EventFiringWebDriver
Session ID: cde904de-9b31-4420-84f8-2d776a95c306
Capabilities [{platform=WINDOWS, acceptSslCerts=true, javascriptEnabled=true, cssSelectorsEnabled=true, databaseEnabled=true, browserName=firefox, handlesAlerts=true, nativeEvents=false, webStorageEnabled=true, rotatable=false, locationContextEnabled=true, applicationCacheEnabled=true, takesScreenshot=true, version=44.0.2}]
Build info: version: '2.52.0', revision: '4c2593cfc3689a7fcd7be52549167e5ccc93ad28', time: '2016-02-11 11:22:43'
System info: host: 'ETDB-510P680-D', ip: '169.254.231.255', os.name: 'Windows 7', os.arch: 'amd64', os.version: '6.1', java.version: '1.7.0_79'
Driver info: driver.version: unknown
</failure>
    <system-out><![CDATA[...
... TestNG 6.9.6 by CÃ©dric Beust (cedric@beust.com)
...


===== Executing ManagePerformanceRolesTest :Test Case 12 =====

Running Test in FireFox
Checking landed page...  We landed on the correct page: login-aufsn4x0cba.oracleoutsourcing.com/oam/server/obrareq.cgi
Entered User ID...
Entered Password...
Clicked Sign In Button...
Checking landed page...  We landed on the correct page: /hcmCore/faces/FuseWelcome
Clicked the Navigator...
]]></system-out>
    <system-err><![CDATA[Mar 11, 2016 1:27:00 PM org.openqa.selenium.support.ui.ExpectedConditions findElement
WARNING: WebDriverException thrown by findElement(By.linkText: Setup and Maintenance)
org.openqa.selenium.WebDriverException: Error communicating with the remote browser. It may have died.
Build info: version: '2.52.0', revision: '4c2593c', time: '2016-02-11 19:06:42'
System info: host: 'ETDB-510P680-D', ip: '169.254.231.255', os.name: 'Windows 7', os.arch: 'amd64', os.version: '6.1', java.version: '1.7.0_79'
Driver info: driver.version: EventFiringWebDriver
Session ID: cde904de-9b31-4420-84f8-2d776a95c306
Capabilities [{platform=WINDOWS, acceptSslCerts=true, javascriptEnabled=true, cssSelectorsEnabled=true, databaseEnabled=true, browserName=firefox, handlesAlerts=true, nativeEvents=false, webStorageEnabled=true, rotatable=false, locationContextEnabled=true, applicationCacheEnabled=true, takesScreenshot=true, version=44.0.2}]
Command duration or timeout: 1.47 seconds
Build info: version: '2.52.0', revision: '4c2593cfc3689a7fcd7be52549167e5ccc93ad28', time: '2016-02-11 11:22:43'
System info: host: 'ETDB-510P680-D', ip: '169.254.231.255', os.name: 'Windows 7', os.arch: 'amd64', os.version: '6.1', java.version: '1.7.0_79'
*** Element info: {Using=link text, value=Setup and Maintenance}
Session ID: 2bedf651-df0b-477d-af4f-067882c84137
Driver info: org.openqa.selenium.remote.RemoteWebDriver
Capabilities [{platform=WINDOWS, javascriptEnabled=true, acceptSslCerts=true, browserName=firefox, rotatable=false, locationContextEnabled=true, webdriver.remote.sessionid=2bedf651-df0b-477d-af4f-067882c84137, version=44.0.2, databaseEnabled=true, cssSelectorsEnabled=true, handlesAlerts=true, webStorageEnabled=true, nativeEvents=false, applicationCacheEnabled=true, takesScreenshot=true}]
	at sun.reflect.NativeConstructorAccessorImpl.newInstance0(Native Method)
	at sun.reflect.NativeConstructorAccessorImpl.newInstance(NativeConstructorAccessorImpl.java:57)
	at sun.reflect.DelegatingConstructorAccessorImpl.newInstance(DelegatingConstructorAccessorImpl.java:45)
	at java.lang.reflect.Constructor.newInstance(Constructor.java:526)
	at org.openqa.selenium.remote.ErrorHandler.createThrowable(ErrorHandler.java:206)
	at org.openqa.selenium.remote.ErrorHandler.throwIfResponseFailed(ErrorHandler.java:158)
	at org.openqa.selenium.remote.RemoteWebDriver.execute(RemoteWebDriver.java:678)
	at org.openqa.selenium.remote.RemoteWebDriver.findElement(RemoteWebDriver.java:363)
	at org.openqa.selenium.remote.RemoteWebDriver.findElementByLinkText(RemoteWebDriver.java:428)
	at org.openqa.selenium.By$ByLinkText.findElement(By.java:246)
	at org.openqa.selenium.remote.RemoteWebDriver.findElement(RemoteWebDriver.java:355)
	at org.openqa.selenium.support.ui.ExpectedConditions.findElement(ExpectedConditions.java:911)
	at org.openqa.selenium.support.ui.ExpectedConditions.access$000(ExpectedConditions.java:41)
	at org.openqa.selenium.support.ui.ExpectedConditions$6.apply(ExpectedConditions.java:181)
	at org.openqa.selenium.support.ui.ExpectedConditions$6.apply(ExpectedConditions.java:178)
	at org.openqa.selenium.support.ui.FluentWait.until(FluentWait.java:238)
	at common.BaseTest.clickNavigationLink(BaseTest.java:3471)
	at hcm.tests.ManagePerformanceRolesTest.managePerf(ManagePerformanceRolesTest.java:58)
	at hcm.tests.ManagePerformanceRolesTest.a_test(ManagePerformanceRolesTest.java:27)
	at sun.reflect.NativeMethodAccessorImpl.invoke0(Native Method)
	at sun.reflect.NativeMethodAccessorImpl.invoke(NativeMethodAccessorImpl.java:57)
	at sun.reflect.DelegatingMethodAccessorImpl.invoke(DelegatingMethodAccessorImpl.java:43)
	at java.lang.reflect.Method.invoke(Method.java:606)
	at org.testng.internal.MethodInvocationHelper.invokeMethod(MethodInvocationHelper.java:85)
	at org.testng.internal.Invoker.invokeMethod(Invoker.java:639)
	at org.testng.internal.Invoker.invokeTestMethod(Invoker.java:821)
	at org.testng.internal.Invoker.invokeTestMethods(Invoker.java:1131)
	at org.testng.internal.TestMethodWorker.invokeTestMethods(TestMethodWorker.java:124)
	at org.testng.internal.TestMethodWorker.run(TestMethodWorker.java:108)
	at org.testng.TestRunner.privateRun(TestRunner.java:773)
	at org.testng.TestRunner.run(TestRunner.java:623)
	at org.testng.SuiteRunner.runTest(SuiteRunner.java:357)
	at org.testng.SuiteRunner.runSequentially(SuiteRunner.java:352)
	at org.testng.SuiteRunner.privateRun(SuiteRunner.java:310)
	at org.testng.SuiteRunner.run(SuiteRunner.java:259)
	at org.testng.SuiteRunnerWorker.runSuite(SuiteRunnerWorker.java:52)
	at org.testng.SuiteRunnerWorker.run(SuiteRunnerWorker.java:86)
	at org.testng.TestNG.runSuitesSequentially(TestNG.java:1185)
	at org.testng.TestNG.runSuitesLocally(TestNG.java:1110)
	at org.testng.TestNG.run(TestNG.java:1018)
	at org.apache.maven.surefire.testng.TestNGExecutor.run(TestNGExecutor.java:295)
	at org.apache.maven.surefire.testng.TestNGXmlTestSuite.execute(TestNGXmlTestSuite.java:84)
	at org.apache.maven.surefire.testng.TestNGProvider.invoke(TestNGProvider.java:90)
	at org.apache.maven.surefire.booter.ForkedBooter.invokeProviderInSameClassLoader(ForkedBooter.java:203)
	at org.apache.maven.surefire.booter.ForkedBooter.runSuitesInProcess(ForkedBooter.java:155)
	at org.apache.maven.surefire.booter.ForkedBooter.main(ForkedBooter.java:103)
Caused by: org.openqa.selenium.remote.UnreachableBrowserException: Error communicating with the remote browser. It may have died.
Build info: version: '2.52.0', revision: '4c2593c', time: '2016-02-11 19:06:42'
System info: host: 'ETDB-510P680-D', ip: '169.254.231.255', os.name: 'Windows 7', os.arch: 'amd64', os.version: '6.1', java.version: '1.7.0_79'
Driver info: driver.version: EventFiringWebDriver
Session ID: cde904de-9b31-4420-84f8-2d776a95c306
Capabilities [{platform=WINDOWS, acceptSslCerts=true, javascriptEnabled=true, cssSelectorsEnabled=true, databaseEnabled=true, browserName=firefox, handlesAlerts=true, nativeEvents=false, webStorageEnabled=true, rotatable=false, locationContextEnabled=true, applicationCacheEnabled=true, takesScreenshot=true, version=44.0.2}]
Build info: version: '2.52.0', revision: '4c2593cfc3689a7fcd7be52549167e5ccc93ad28', time: '2016-02-11 11:22:43'
System info: host: 'ETDB-510P680-D', ip: '169.254.231.255', os.name: 'Windows 7', os.arch: 'amd64', os.version: '6.1', java.version: '1.7.0_79'
Driver info: driver.version: unknown

]]></system-err>
  </testcase>
  <testcase name="afterClass" classname="hcm.tests.ManagePerformanceRolesTest" time="30.77">
    <failure message="Error communicating with the remote browser. It may have died.&#10;Build info: version: &apos;2.52.0&apos;, revision: &apos;4c2593c&apos;, time: &apos;2016-02-11 19:06:42&apos;&#10;System info: host: &apos;ETDB-510P680-D&apos;, ip: &apos;169.254.231.255&apos;, os.name: &apos;Windows 7&apos;, os.arch: &apos;amd64&apos;, os.version: &apos;6.1&apos;, java.version: &apos;1.7.0_79&apos;&#10;Driver info: driver.version: EventFiringWebDriver&#10;Session ID: cde904de-9b31-4420-84f8-2d776a95c306&#10;Capabilities [{platform=WINDOWS, acceptSslCerts=true, javascriptEnabled=true, cssSelectorsEnabled=true, databaseEnabled=true, browserName=firefox, handlesAlerts=true, nativeEvents=false, webStorageEnabled=true, rotatable=false, locationContextEnabled=true, applicationCacheEnabled=true, takesScreenshot=true, version=44.0.2}]&#10;Command duration or timeout: 1.50 seconds&#10;Build info: version: &apos;2.52.0&apos;, revision: &apos;4c2593cfc3689a7fcd7be52549167e5ccc93ad28&apos;, time: &apos;2016-02-11 11:22:43&apos;&#10;System info: host: &apos;ETDB-510P680-D&apos;, ip: &apos;169.254.231.255&apos;, os.name: &apos;Windows 7&apos;, os.arch: &apos;amd64&apos;, os.version: &apos;6.1&apos;, java.version: &apos;1.7.0_79&apos;&#10;Session ID: 2bedf651-df0b-477d-af4f-067882c84137&#10;Driver info: org.openqa.selenium.remote.RemoteWebDriver&#10;Capabilities [{platform=WINDOWS, javascriptEnabled=true, acceptSslCerts=true, browserName=firefox, rotatable=false, locationContextEnabled=true, webdriver.remote.sessionid=2bedf651-df0b-477d-af4f-067882c84137, version=44.0.2, databaseEnabled=true, cssSelectorsEnabled=true, handlesAlerts=true, webStorageEnabled=true, nativeEvents=false, applicationCacheEnabled=true, takesScreenshot=true}]" type="org.openqa.selenium.WebDriverException">org.openqa.selenium.WebDriverException: Error communicating with the remote browser. It may have died.
Build info: version: '2.52.0', revision: '4c2593c', time: '2016-02-11 19:06:42'
System info: host: 'ETDB-510P680-D', ip: '169.254.231.255', os.name: 'Windows 7', os.arch: 'amd64', os.version: '6.1', java.version: '1.7.0_79'
Driver info: driver.version: EventFiringWebDriver
Session ID: cde904de-9b31-4420-84f8-2d776a95c306
Capabilities [{platform=WINDOWS, acceptSslCerts=true, javascriptEnabled=true, cssSelectorsEnabled=true, databaseEnabled=true, browserName=firefox, handlesAlerts=true, nativeEvents=false, webStorageEnabled=true, rotatable=false, locationContextEnabled=true, applicationCacheEnabled=true, takesScreenshot=true, version=44.0.2}]
Command duration or timeout: 1.50 seconds
Build info: version: '2.52.0', revision: '4c2593cfc3689a7fcd7be52549167e5ccc93ad28', time: '2016-02-11 11:22:43'
System info: host: 'ETDB-510P680-D', ip: '169.254.231.255', os.name: 'Windows 7', os.arch: 'amd64', os.version: '6.1', java.version: '1.7.0_79'
Session ID: 2bedf651-df0b-477d-af4f-067882c84137
Driver info: org.openqa.selenium.remote.RemoteWebDriver
Capabilities [{platform=WINDOWS, javascriptEnabled=true, acceptSslCerts=true, browserName=firefox, rotatable=false, locationContextEnabled=true, webdriver.remote.sessionid=2bedf651-df0b-477d-af4f-067882c84137, version=44.0.2, databaseEnabled=true, cssSelectorsEnabled=true, handlesAlerts=true, webStorageEnabled=true, nativeEvents=false, applicationCacheEnabled=true, takesScreenshot=true}]
	at sun.reflect.NativeConstructorAccessorImpl.newInstance0(Native Method)
	at sun.reflect.NativeConstructorAccessorImpl.newInstance(NativeConstructorAccessorImpl.java:57)
	at sun.reflect.DelegatingConstructorAccessorImpl.newInstance(DelegatingConstructorAccessorImpl.java:45)
	at java.lang.reflect.Constructor.newInstance(Constructor.java:526)
	at org.openqa.selenium.remote.ErrorHandler.createThrowable(ErrorHandler.java:206)
	at org.openqa.selenium.remote.ErrorHandler.throwIfResponseFailed(ErrorHandler.java:158)
	at org.openqa.selenium.remote.RemoteWebDriver.execute(RemoteWebDriver.java:678)
	at org.openqa.selenium.remote.RemoteWebDriver.execute(RemoteWebDriver.java:701)
	at org.openqa.selenium.remote.RemoteWebDriver.close(RemoteWebDriver.java:521)
	at common.BaseTest.afterClass(BaseTest.java:158)
	at sun.reflect.NativeMethodAccessorImpl.invoke0(Native Method)
	at sun.reflect.NativeMethodAccessorImpl.invoke(NativeMethodAccessorImpl.java:57)
	at sun.reflect.DelegatingMethodAccessorImpl.invoke(DelegatingMethodAccessorImpl.java:43)
	at java.lang.reflect.Method.invoke(Method.java:606)
	at org.testng.internal.MethodInvocationHelper.invokeMethod(MethodInvocationHelper.java:85)
	at org.testng.internal.Invoker.invokeConfigurationMethod(Invoker.java:510)
	at org.testng.internal.Invoker.invokeConfigurations(Invoker.java:211)
	at org.testng.internal.Invoker.invokeConfigurations(Invoker.java:138)
	at org.testng.internal.TestMethodWorker.invokeAfterClassMethods(TestMethodWorker.java:220)
	at org.testng.internal.TestMethodWorker.run(TestMethodWorker.java:111)
	at org.testng.TestRunner.privateRun(TestRunner.java:773)
	at org.testng.TestRunner.run(TestRunner.java:623)
	at org.testng.SuiteRunner.runTest(SuiteRunner.java:357)
	at org.testng.SuiteRunner.runSequentially(SuiteRunner.java:352)
	at org.testng.SuiteRunner.privateRun(SuiteRunner.java:310)
	at org.testng.SuiteRunner.run(SuiteRunner.java:259)
	at org.testng.SuiteRunnerWorker.runSuite(SuiteRunnerWorker.java:52)
	at org.testng.SuiteRunnerWorker.run(SuiteRunnerWorker.java:86)
	at org.testng.TestNG.runSuitesSequentially(TestNG.java:1185)
	at org.testng.TestNG.runSuitesLocally(TestNG.java:1110)
	at org.testng.TestNG.run(TestNG.java:1018)
	at org.apache.maven.surefire.testng.TestNGExecutor.run(TestNGExecutor.java:295)
	at org.apache.maven.surefire.testng.TestNGXmlTestSuite.execute(TestNGXmlTestSuite.java:84)
	at org.apache.maven.surefire.testng.TestNGProvider.invoke(TestNGProvider.java:90)
	at org.apache.maven.surefire.booter.ForkedBooter.invokeProviderInSameClassLoader(ForkedBooter.java:203)
	at org.apache.maven.surefire.booter.ForkedBooter.runSuitesInProcess(ForkedBooter.java:155)
	at org.apache.maven.surefire.booter.ForkedBooter.main(ForkedBooter.java:103)
Caused by: org.openqa.selenium.remote.UnreachableBrowserException: Error communicating with the remote browser. It may have died.
Build info: version: '2.52.0', revision: '4c2593c', time: '2016-02-11 19:06:42'
System info: host: 'ETDB-510P680-D', ip: '169.254.231.255', os.name: 'Windows 7', os.arch: 'amd64', os.version: '6.1', java.version: '1.7.0_79'
Driver info: driver.version: EventFiringWebDriver
Session ID: cde904de-9b31-4420-84f8-2d776a95c306
Capabilities [{platform=WINDOWS, acceptSslCerts=true, javascriptEnabled=true, cssSelectorsEnabled=true, databaseEnabled=true, browserName=firefox, handlesAlerts=true, nativeEvents=false, webStorageEnabled=true, rotatable=false, locationContextEnabled=true, applicationCacheEnabled=true, takesScreenshot=true, version=44.0.2}]
Build info: version: '2.52.0', revision: '4c2593cfc3689a7fcd7be52549167e5ccc93ad28', time: '2016-02-11 11:22:43'
System info: host: 'ETDB-510P680-D', ip: '169.254.231.255', os.name: 'Windows 7', os.arch: 'amd64', os.version: '6.1', java.version: '1.7.0_79'
Driver info: driver.version: unknown
</failure>
    <system-out><![CDATA[
===== Terminating ManagePerformanceRolesTest :Test Case 12 =====

]]></system-out>
  </testcase>
</testsuite>